{"uuid":"c34022fb-8852-4a13-a3bd-df9596bfd880","historyId":"71e209c866faaacd9e297967b8f833fd","fullName":"net.phptravels.testcases.SignupTest.VerifyThatUserCanRegisterUsingCorrectData","labels":[{"name":"package","value":"net.phptravels.testcases.SignupTest"},{"name":"testClass","value":"net.phptravels.testcases.SignupTest"},{"name":"testMethod","value":"VerifyThatUserCanRegisterUsingCorrectData"},{"name":"parentSuite","value":"Default Suite"},{"name":"suite","value":"GETTASK"},{"name":"subSuite","value":"net.phptravels.testcases.SignupTest"},{"name":"host","value":"DESKTOP-9E9MS69"},{"name":"thread","value":"8664@DESKTOP-9E9MS69.main(1)"},{"name":"framework","value":"testng"},{"name":"language","value":"java"},{"name":"story","value":"Signup Page"},{"name":"feature","value":"Signup Feature"}],"links":[],"name":"Register using correct data","status":"broken","statusDetails":{"known":false,"muted":false,"flaky":false,"message":"element click intercepted: Element <iframe title=\"reCAPTCHA\" width=\"304\" height=\"78\" role=\"presentation\" name=\"a-slrpuhvshnv2\" frameborder=\"0\" scrolling=\"no\" sandbox=\"allow-forms allow-popups allow-same-origin allow-scripts allow-top-navigation allow-modals allow-popups-to-escape-sandbox allow-storage-access-by-user-activation\" src=\"https://www.google.com/recaptcha/api2/anchor?ar=1&amp;k=6LdX3JoUAAAAAFCG5tm0MFJaCF3LKxUN4pVusJIF&amp;co=aHR0cHM6Ly9waHB0cmF2ZWxzLm5ldDo0NDM.&amp;hl=en&amp;v=i7X0JrnYWy9Y_5EYdoFM79kV&amp;size=normal&amp;cb=6vo6padpfx8\" cd_frame_id_=\"6d4412d3310dcda827494183491f4526\"></iframe> is not clickable at point (573, 698). Other element would receive the click: <span id=\"cookieconsent:desc\" class=\"cc-message\">...</span>\n  (Session info: chrome=127.0.6533.120)\nBuild info: version: '4.23.1', revision: '656257d8e9'\nSystem info: os.name: 'Windows 10', os.arch: 'amd64', os.version: '10.0', java.version: '22'\nDriver info: org.openqa.selenium.chrome.ChromeDriver\nCommand: [a49c740844268abf2e4950ee1700c7d2, clickElement {id=f.EEF76787683CDE1DB247E3ADE03DF388.d.0E165D341044C14344EC7187F3290142.e.5}]\nCapabilities {acceptInsecureCerts: false, browserName: chrome, browserVersion: 127.0.6533.120, chrome: {chromedriverVersion: 127.0.6533.119 (bdef6783a05..., userDataDir: C:\\Users\\mesho\\AppData\\Loca...}, fedcm:accounts: true, goog:chromeOptions: {debuggerAddress: localhost:58400}, networkConnectionEnabled: false, pageLoadStrategy: normal, platformName: windows, proxy: Proxy(), se:cdp: ws://localhost:58400/devtoo..., se:cdpVersion: 127.0.6533.120, setWindowRect: true, strictFileInteractability: false, timeouts: {implicit: 0, pageLoad: 300000, script: 30000}, unhandledPromptBehavior: dismiss and notify, webauthn:extension:credBlob: true, webauthn:extension:largeBlob: true, webauthn:extension:minPinLength: true, webauthn:extension:prf: true, webauthn:virtualAuthenticators: true}\nElement: [[ChromeDriver: chrome on windows (a49c740844268abf2e4950ee1700c7d2)] -> id: recaptcha-anchor]\nSession ID: a49c740844268abf2e4950ee1700c7d2","trace":"org.openqa.selenium.ElementClickInterceptedException: element click intercepted: Element <iframe title=\"reCAPTCHA\" width=\"304\" height=\"78\" role=\"presentation\" name=\"a-slrpuhvshnv2\" frameborder=\"0\" scrolling=\"no\" sandbox=\"allow-forms allow-popups allow-same-origin allow-scripts allow-top-navigation allow-modals allow-popups-to-escape-sandbox allow-storage-access-by-user-activation\" src=\"https://www.google.com/recaptcha/api2/anchor?ar=1&amp;k=6LdX3JoUAAAAAFCG5tm0MFJaCF3LKxUN4pVusJIF&amp;co=aHR0cHM6Ly9waHB0cmF2ZWxzLm5ldDo0NDM.&amp;hl=en&amp;v=i7X0JrnYWy9Y_5EYdoFM79kV&amp;size=normal&amp;cb=6vo6padpfx8\" cd_frame_id_=\"6d4412d3310dcda827494183491f4526\"></iframe> is not clickable at point (573, 698). Other element would receive the click: <span id=\"cookieconsent:desc\" class=\"cc-message\">...</span>\n  (Session info: chrome=127.0.6533.120)\nBuild info: version: '4.23.1', revision: '656257d8e9'\nSystem info: os.name: 'Windows 10', os.arch: 'amd64', os.version: '10.0', java.version: '22'\nDriver info: org.openqa.selenium.chrome.ChromeDriver\nCommand: [a49c740844268abf2e4950ee1700c7d2, clickElement {id=f.EEF76787683CDE1DB247E3ADE03DF388.d.0E165D341044C14344EC7187F3290142.e.5}]\nCapabilities {acceptInsecureCerts: false, browserName: chrome, browserVersion: 127.0.6533.120, chrome: {chromedriverVersion: 127.0.6533.119 (bdef6783a05..., userDataDir: C:\\Users\\mesho\\AppData\\Loca...}, fedcm:accounts: true, goog:chromeOptions: {debuggerAddress: localhost:58400}, networkConnectionEnabled: false, pageLoadStrategy: normal, platformName: windows, proxy: Proxy(), se:cdp: ws://localhost:58400/devtoo..., se:cdpVersion: 127.0.6533.120, setWindowRect: true, strictFileInteractability: false, timeouts: {implicit: 0, pageLoad: 300000, script: 30000}, unhandledPromptBehavior: dismiss and notify, webauthn:extension:credBlob: true, webauthn:extension:largeBlob: true, webauthn:extension:minPinLength: true, webauthn:extension:prf: true, webauthn:virtualAuthenticators: true}\nElement: [[ChromeDriver: chrome on windows (a49c740844268abf2e4950ee1700c7d2)] -> id: recaptcha-anchor]\nSession ID: a49c740844268abf2e4950ee1700c7d2\r\n\tat java.base/jdk.internal.reflect.DirectConstructorHandleAccessor.newInstance(DirectConstructorHandleAccessor.java:62)\r\n\tat java.base/java.lang.reflect.Constructor.newInstanceWithCaller(Constructor.java:502)\r\n\tat java.base/java.lang.reflect.Constructor.newInstance(Constructor.java:486)\r\n\tat org.openqa.selenium.remote.ErrorCodec.decode(ErrorCodec.java:167)\r\n\tat org.openqa.selenium.remote.codec.w3c.W3CHttpResponseCodec.decode(W3CHttpResponseCodec.java:138)\r\n\tat org.openqa.selenium.remote.codec.w3c.W3CHttpResponseCodec.decode(W3CHttpResponseCodec.java:50)\r\n\tat org.openqa.selenium.remote.HttpCommandExecutor.execute(HttpCommandExecutor.java:190)\r\n\tat org.openqa.selenium.remote.service.DriverCommandExecutor.invokeExecute(DriverCommandExecutor.java:216)\r\n\tat org.openqa.selenium.remote.service.DriverCommandExecutor.execute(DriverCommandExecutor.java:174)\r\n\tat org.openqa.selenium.remote.RemoteWebDriver.execute(RemoteWebDriver.java:545)\r\n\tat org.openqa.selenium.remote.RemoteWebElement.execute(RemoteWebElement.java:223)\r\n\tat org.openqa.selenium.remote.RemoteWebElement.click(RemoteWebElement.java:76)\r\n\tat java.base/jdk.internal.reflect.DirectMethodHandleAccessor.invoke(DirectMethodHandleAccessor.java:103)\r\n\tat java.base/java.lang.reflect.Method.invoke(Method.java:580)\r\n\tat org.openqa.selenium.support.pagefactory.internal.LocatingElementHandler.invoke(LocatingElementHandler.java:51)\r\n\tat jdk.proxy2/jdk.proxy2.$Proxy19.click(Unknown Source)\r\n\tat net.phptravels.pages.SignupPage.fillSignupForm(SignupPage.java:80)\r\n\tat net.phptravels.testcases.SignupTest.VerifyThatUserCanRegisterUsingCorrectData(SignupTest.java:36)\r\n\tat java.base/jdk.internal.reflect.DirectMethodHandleAccessor.invoke(DirectMethodHandleAccessor.java:103)\r\n\tat java.base/java.lang.reflect.Method.invoke(Method.java:580)\r\n\tat org.testng.internal.invokers.MethodInvocationHelper.invokeMethod(MethodInvocationHelper.java:141)\r\n\tat org.testng.internal.invokers.TestInvoker.invokeMethod(TestInvoker.java:686)\r\n\tat org.testng.internal.invokers.TestInvoker.invokeTestMethod(TestInvoker.java:230)\r\n\tat org.testng.internal.invokers.MethodRunner.runInSequence(MethodRunner.java:63)\r\n\tat org.testng.internal.invokers.TestInvoker$MethodInvocationAgent.invoke(TestInvoker.java:992)\r\n\tat org.testng.internal.invokers.TestInvoker.invokeTestMethods(TestInvoker.java:203)\r\n\tat org.testng.internal.invokers.TestMethodWorker.invokeTestMethods(TestMethodWorker.java:154)\r\n\tat org.testng.internal.invokers.TestMethodWorker.run(TestMethodWorker.java:134)\r\n\tat java.base/java.util.ArrayList.forEach(ArrayList.java:1597)\r\n\tat org.testng.TestRunner.privateRun(TestRunner.java:739)\r\n\tat org.testng.TestRunner.run(TestRunner.java:614)\r\n\tat org.testng.SuiteRunner.runTest(SuiteRunner.java:421)\r\n\tat org.testng.SuiteRunner.runSequentially(SuiteRunner.java:413)\r\n\tat org.testng.SuiteRunner.privateRun(SuiteRunner.java:373)\r\n\tat org.testng.SuiteRunner.run(SuiteRunner.java:312)\r\n\tat org.testng.SuiteRunnerWorker.runSuite(SuiteRunnerWorker.java:52)\r\n\tat org.testng.SuiteRunnerWorker.run(SuiteRunnerWorker.java:95)\r\n\tat org.testng.TestNG.runSuitesSequentially(TestNG.java:1274)\r\n\tat org.testng.TestNG.runSuitesLocally(TestNG.java:1208)\r\n\tat org.testng.TestNG.runSuites(TestNG.java:1112)\r\n\tat org.testng.TestNG.run(TestNG.java:1079)\r\n\tat com.intellij.rt.testng.IDEARemoteTestNG.run(IDEARemoteTestNG.java:65)\r\n\tat com.intellij.rt.testng.RemoteTestNGStarter.main(RemoteTestNGStarter.java:105)\r\n"},"stage":"finished","steps":[{"name":"Fill Signup form","status":"broken","statusDetails":{"known":false,"muted":false,"flaky":false,"message":"element click intercepted: Element <iframe title=\"reCAPTCHA\" width=\"304\" height=\"78\" role=\"presentation\" name=\"a-slrpuhvshnv2\" frameborder=\"0\" scrolling=\"no\" sandbox=\"allow-forms allow-popups allow-same-origin allow-scripts allow-top-navigation allow-modals allow-popups-to-escape-sandbox allow-storage-access-by-user-activation\" src=\"https://www.google.com/recaptcha/api2/anchor?ar=1&amp;k=6LdX3JoUAAAAAFCG5tm0MFJaCF3LKxUN4pVusJIF&amp;co=aHR0cHM6Ly9waHB0cmF2ZWxzLm5ldDo0NDM.&amp;hl=en&amp;v=i7X0JrnYWy9Y_5EYdoFM79kV&amp;size=normal&amp;cb=6vo6padpfx8\" cd_frame_id_=\"6d4412d3310dcda827494183491f4526\"></iframe> is not clickable at point (573, 698). Other element would receive the click: <span id=\"cookieconsent:desc\" class=\"cc-message\">...</span>\n  (Session info: chrome=127.0.6533.120)\nBuild info: version: '4.23.1', revision: '656257d8e9'\nSystem info: os.name: 'Windows 10', os.arch: 'amd64', os.version: '10.0', java.version: '22'\nDriver info: org.openqa.selenium.chrome.ChromeDriver\nCommand: [a49c740844268abf2e4950ee1700c7d2, clickElement {id=f.EEF76787683CDE1DB247E3ADE03DF388.d.0E165D341044C14344EC7187F3290142.e.5}]\nCapabilities {acceptInsecureCerts: false, browserName: chrome, browserVersion: 127.0.6533.120, chrome: {chromedriverVersion: 127.0.6533.119 (bdef6783a05..., userDataDir: C:\\Users\\mesho\\AppData\\Loca...}, fedcm:accounts: true, goog:chromeOptions: {debuggerAddress: localhost:58400}, networkConnectionEnabled: false, pageLoadStrategy: normal, platformName: windows, proxy: Proxy(), se:cdp: ws://localhost:58400/devtoo..., se:cdpVersion: 127.0.6533.120, setWindowRect: true, strictFileInteractability: false, timeouts: {implicit: 0, pageLoad: 300000, script: 30000}, unhandledPromptBehavior: dismiss and notify, webauthn:extension:credBlob: true, webauthn:extension:largeBlob: true, webauthn:extension:minPinLength: true, webauthn:extension:prf: true, webauthn:virtualAuthenticators: true}\nElement: [[ChromeDriver: chrome on windows (a49c740844268abf2e4950ee1700c7d2)] -> id: recaptcha-anchor]\nSession ID: a49c740844268abf2e4950ee1700c7d2","trace":"org.openqa.selenium.ElementClickInterceptedException: element click intercepted: Element <iframe title=\"reCAPTCHA\" width=\"304\" height=\"78\" role=\"presentation\" name=\"a-slrpuhvshnv2\" frameborder=\"0\" scrolling=\"no\" sandbox=\"allow-forms allow-popups allow-same-origin allow-scripts allow-top-navigation allow-modals allow-popups-to-escape-sandbox allow-storage-access-by-user-activation\" src=\"https://www.google.com/recaptcha/api2/anchor?ar=1&amp;k=6LdX3JoUAAAAAFCG5tm0MFJaCF3LKxUN4pVusJIF&amp;co=aHR0cHM6Ly9waHB0cmF2ZWxzLm5ldDo0NDM.&amp;hl=en&amp;v=i7X0JrnYWy9Y_5EYdoFM79kV&amp;size=normal&amp;cb=6vo6padpfx8\" cd_frame_id_=\"6d4412d3310dcda827494183491f4526\"></iframe> is not clickable at point (573, 698). Other element would receive the click: <span id=\"cookieconsent:desc\" class=\"cc-message\">...</span>\n  (Session info: chrome=127.0.6533.120)\nBuild info: version: '4.23.1', revision: '656257d8e9'\nSystem info: os.name: 'Windows 10', os.arch: 'amd64', os.version: '10.0', java.version: '22'\nDriver info: org.openqa.selenium.chrome.ChromeDriver\nCommand: [a49c740844268abf2e4950ee1700c7d2, clickElement {id=f.EEF76787683CDE1DB247E3ADE03DF388.d.0E165D341044C14344EC7187F3290142.e.5}]\nCapabilities {acceptInsecureCerts: false, browserName: chrome, browserVersion: 127.0.6533.120, chrome: {chromedriverVersion: 127.0.6533.119 (bdef6783a05..., userDataDir: C:\\Users\\mesho\\AppData\\Loca...}, fedcm:accounts: true, goog:chromeOptions: {debuggerAddress: localhost:58400}, networkConnectionEnabled: false, pageLoadStrategy: normal, platformName: windows, proxy: Proxy(), se:cdp: ws://localhost:58400/devtoo..., se:cdpVersion: 127.0.6533.120, setWindowRect: true, strictFileInteractability: false, timeouts: {implicit: 0, pageLoad: 300000, script: 30000}, unhandledPromptBehavior: dismiss and notify, webauthn:extension:credBlob: true, webauthn:extension:largeBlob: true, webauthn:extension:minPinLength: true, webauthn:extension:prf: true, webauthn:virtualAuthenticators: true}\nElement: [[ChromeDriver: chrome on windows (a49c740844268abf2e4950ee1700c7d2)] -> id: recaptcha-anchor]\nSession ID: a49c740844268abf2e4950ee1700c7d2\r\n\tat java.base/jdk.internal.reflect.DirectConstructorHandleAccessor.newInstance(DirectConstructorHandleAccessor.java:62)\r\n\tat java.base/java.lang.reflect.Constructor.newInstanceWithCaller(Constructor.java:502)\r\n\tat java.base/java.lang.reflect.Constructor.newInstance(Constructor.java:486)\r\n\tat org.openqa.selenium.remote.ErrorCodec.decode(ErrorCodec.java:167)\r\n\tat org.openqa.selenium.remote.codec.w3c.W3CHttpResponseCodec.decode(W3CHttpResponseCodec.java:138)\r\n\tat org.openqa.selenium.remote.codec.w3c.W3CHttpResponseCodec.decode(W3CHttpResponseCodec.java:50)\r\n\tat org.openqa.selenium.remote.HttpCommandExecutor.execute(HttpCommandExecutor.java:190)\r\n\tat org.openqa.selenium.remote.service.DriverCommandExecutor.invokeExecute(DriverCommandExecutor.java:216)\r\n\tat org.openqa.selenium.remote.service.DriverCommandExecutor.execute(DriverCommandExecutor.java:174)\r\n\tat org.openqa.selenium.remote.RemoteWebDriver.execute(RemoteWebDriver.java:545)\r\n\tat org.openqa.selenium.remote.RemoteWebElement.execute(RemoteWebElement.java:223)\r\n\tat org.openqa.selenium.remote.RemoteWebElement.click(RemoteWebElement.java:76)\r\n\tat java.base/jdk.internal.reflect.DirectMethodHandleAccessor.invoke(DirectMethodHandleAccessor.java:103)\r\n\tat java.base/java.lang.reflect.Method.invoke(Method.java:580)\r\n\tat org.openqa.selenium.support.pagefactory.internal.LocatingElementHandler.invoke(LocatingElementHandler.java:51)\r\n\tat jdk.proxy2/jdk.proxy2.$Proxy19.click(Unknown Source)\r\n\tat net.phptravels.pages.SignupPage.fillSignupForm(SignupPage.java:80)\r\n\tat net.phptravels.testcases.SignupTest.VerifyThatUserCanRegisterUsingCorrectData(SignupTest.java:36)\r\n\tat java.base/jdk.internal.reflect.DirectMethodHandleAccessor.invoke(DirectMethodHandleAccessor.java:103)\r\n\tat java.base/java.lang.reflect.Method.invoke(Method.java:580)\r\n\tat org.testng.internal.invokers.MethodInvocationHelper.invokeMethod(MethodInvocationHelper.java:141)\r\n\tat org.testng.internal.invokers.TestInvoker.invokeMethod(TestInvoker.java:686)\r\n\tat org.testng.internal.invokers.TestInvoker.invokeTestMethod(TestInvoker.java:230)\r\n\tat org.testng.internal.invokers.MethodRunner.runInSequence(MethodRunner.java:63)\r\n\tat org.testng.internal.invokers.TestInvoker$MethodInvocationAgent.invoke(TestInvoker.java:992)\r\n\tat org.testng.internal.invokers.TestInvoker.invokeTestMethods(TestInvoker.java:203)\r\n\tat org.testng.internal.invokers.TestMethodWorker.invokeTestMethods(TestMethodWorker.java:154)\r\n\tat org.testng.internal.invokers.TestMethodWorker.run(TestMethodWorker.java:134)\r\n\tat java.base/java.util.ArrayList.forEach(ArrayList.java:1597)\r\n\tat org.testng.TestRunner.privateRun(TestRunner.java:739)\r\n\tat org.testng.TestRunner.run(TestRunner.java:614)\r\n\tat org.testng.SuiteRunner.runTest(SuiteRunner.java:421)\r\n\tat org.testng.SuiteRunner.runSequentially(SuiteRunner.java:413)\r\n\tat org.testng.SuiteRunner.privateRun(SuiteRunner.java:373)\r\n\tat org.testng.SuiteRunner.run(SuiteRunner.java:312)\r\n\tat org.testng.SuiteRunnerWorker.runSuite(SuiteRunnerWorker.java:52)\r\n\tat org.testng.SuiteRunnerWorker.run(SuiteRunnerWorker.java:95)\r\n\tat org.testng.TestNG.runSuitesSequentially(TestNG.java:1274)\r\n\tat org.testng.TestNG.runSuitesLocally(TestNG.java:1208)\r\n\tat org.testng.TestNG.runSuites(TestNG.java:1112)\r\n\tat org.testng.TestNG.run(TestNG.java:1079)\r\n\tat com.intellij.rt.testng.IDEARemoteTestNG.run(IDEARemoteTestNG.java:65)\r\n\tat com.intellij.rt.testng.RemoteTestNGStarter.main(RemoteTestNGStarter.java:105)\r\n"},"stage":"finished","steps":[],"attachments":[],"parameters":[],"start":1724332175983,"stop":1724332178568}],"attachments":[],"parameters":[],"start":1724332175981,"stop":1724332178570}