<?xml version="1.0" encoding="UTF-8"?>
<testng-results ignored="0" total="3" passed="2" failed="1" skipped="0">
  <reporter-output>
  </reporter-output>
  <suite started-at="2024-08-26T13:10:51 EEST" name="All Test Suite" finished-at="2024-08-26T13:11:14 EEST" duration-ms="23100">
    <groups>
    </groups>
    <test started-at="2024-08-26T13:10:51 EEST" name="Test Initiation" finished-at="2024-08-26T13:10:51 EEST" duration-ms="29">
    </test> <!-- Test Initiation -->
    <test started-at="2024-08-26T13:10:51 EEST" name="Registration Test" finished-at="2024-08-26T13:11:10 EEST" duration-ms="18191">
      <class name="com.codenboxautomationlab.testcases.SignupTest">
        <test-method is-config="true" signature="setup()[pri:0, instance:com.codenboxautomationlab.testcases.SignupTest@87b5b49]" started-at="2024-08-26T13:10:51 EEST" name="setup" finished-at="2024-08-26T13:10:54 EEST" duration-ms="2874" status="PASS">
          <reporter-output>
          </reporter-output>
        </test-method> <!-- setup -->
        <test-method signature="VerifyThatUserCanNavigateToRegistrationPageSuccessfully()[pri:0, instance:com.codenboxautomationlab.testcases.SignupTest@87b5b49]" started-at="2024-08-26T13:10:54 EEST" name="VerifyThatUserCanNavigateToRegistrationPageSuccessfully" description="Navigate to registration page" finished-at="2024-08-26T13:11:02 EEST" duration-ms="8059" status="PASS">
          <reporter-output>
          </reporter-output>
        </test-method> <!-- VerifyThatUserCanNavigateToRegistrationPageSuccessfully -->
        <test-method is-config="true" signature="tearDownI(org.testng.ITestResult)[pri:0, instance:com.codenboxautomationlab.testcases.SignupTest@87b5b49]" started-at="2024-08-26T13:11:02 EEST" name="tearDownI" finished-at="2024-08-26T13:11:03 EEST" duration-ms="195" status="PASS">
          <params>
            <param index="0">
              <value>
                <![CDATA[[TestResult name=VerifyThatUserCanNavigateToRegistrationPageSuccessfully status=SUCCESS method=SignupTest.VerifyThatUserCanNavigateToRegistrationPageSuccessfully()[pri:0, instance:com.codenboxautomationlab.testcases.SignupTest@87b5b49] output={null}]]]>
              </value>
            </param>
          </params>
          <reporter-output>
          </reporter-output>
        </test-method> <!-- tearDownI -->
        <test-method signature="VerifyThatUserCanRegisterUsingCorrectData()[pri:0, instance:com.codenboxautomationlab.testcases.SignupTest@87b5b49]" started-at="2024-08-26T13:11:03 EEST" name="VerifyThatUserCanRegisterUsingCorrectData" description="Register using correct data" finished-at="2024-08-26T13:11:09 EEST" duration-ms="6457" status="PASS">
          <reporter-output>
          </reporter-output>
        </test-method> <!-- VerifyThatUserCanRegisterUsingCorrectData -->
        <test-method is-config="true" signature="tearDownI(org.testng.ITestResult)[pri:0, instance:com.codenboxautomationlab.testcases.SignupTest@87b5b49]" started-at="2024-08-26T13:11:09 EEST" name="tearDownI" finished-at="2024-08-26T13:11:09 EEST" duration-ms="185" status="PASS">
          <params>
            <param index="0">
              <value>
                <![CDATA[[TestResult name=VerifyThatUserCanRegisterUsingCorrectData status=SUCCESS method=SignupTest.VerifyThatUserCanRegisterUsingCorrectData()[pri:0, instance:com.codenboxautomationlab.testcases.SignupTest@87b5b49] output={null}]]]>
              </value>
            </param>
          </params>
          <reporter-output>
          </reporter-output>
        </test-method> <!-- tearDownI -->
        <test-method is-config="true" signature="tearDown()[pri:0, instance:com.codenboxautomationlab.testcases.SignupTest@87b5b49]" started-at="2024-08-26T13:11:09 EEST" name="tearDown" finished-at="2024-08-26T13:11:10 EEST" duration-ms="252" status="PASS">
          <reporter-output>
          </reporter-output>
        </test-method> <!-- tearDown -->
      </class> <!-- com.codenboxautomationlab.testcases.SignupTest -->
    </test> <!-- Registration Test -->
    <test started-at="2024-08-26T13:11:10 EEST" name="Login Test" finished-at="2024-08-26T13:11:14 EEST" duration-ms="4710">
      <class name="com.codenboxautomationlab.testcases.LoginTest">
        <test-method is-config="true" signature="setup()[pri:0, instance:com.codenboxautomationlab.testcases.LoginTest@730e5763]" started-at="2024-08-26T13:11:10 EEST" name="setup" finished-at="2024-08-26T13:11:11 EEST" duration-ms="1880" status="PASS">
          <reporter-output>
          </reporter-output>
        </test-method> <!-- setup -->
        <test-method signature="VerifyThatUserCanLogin()[pri:0, instance:com.codenboxautomationlab.testcases.LoginTest@730e5763]" started-at="2024-08-26T13:11:11 EEST" name="VerifyThatUserCanLogin" description="Attempt to Login" finished-at="2024-08-26T13:11:14 EEST" duration-ms="2458" status="FAIL">
          <exception class="java.lang.AssertionError">
            <message>
              <![CDATA[expected [false] but found [true]]]>
            </message>
            <full-stacktrace>
              <![CDATA[java.lang.AssertionError: expected [false] but found [true]
at org.testng.Assert.fail(Assert.java:111)
at org.testng.Assert.failNotEquals(Assert.java:1578)
at org.testng.Assert.assertFalse(Assert.java:79)
at org.testng.Assert.assertFalse(Assert.java:89)
at com.codenboxautomationlab.testcases.LoginTest.VerifyThatUserCanLogin(LoginTest.java:20)
at java.base/jdk.internal.reflect.DirectMethodHandleAccessor.invoke(DirectMethodHandleAccessor.java:103)
at java.base/java.lang.reflect.Method.invoke(Method.java:580)
at org.testng.internal.invokers.MethodInvocationHelper.invokeMethod(MethodInvocationHelper.java:141)
at org.testng.internal.invokers.TestInvoker.invokeMethod(TestInvoker.java:686)
at org.testng.internal.invokers.TestInvoker.invokeTestMethod(TestInvoker.java:230)
at org.testng.internal.invokers.MethodRunner.runInSequence(MethodRunner.java:63)
at org.testng.internal.invokers.TestInvoker$MethodInvocationAgent.invoke(TestInvoker.java:992)
at org.testng.internal.invokers.TestInvoker.invokeTestMethods(TestInvoker.java:203)
at org.testng.internal.invokers.TestMethodWorker.invokeTestMethods(TestMethodWorker.java:154)
at org.testng.internal.invokers.TestMethodWorker.run(TestMethodWorker.java:134)
at java.base/java.util.concurrent.Executors$RunnableAdapter.call(Executors.java:572)
at java.base/java.util.concurrent.FutureTask.run(FutureTask.java:317)
at org.testng.internal.thread.graph.TestNGFutureTask.run(TestNGFutureTask.java:22)
at java.base/java.util.concurrent.ThreadPoolExecutor.runWorker(ThreadPoolExecutor.java:1144)
at java.base/java.util.concurrent.ThreadPoolExecutor$Worker.run(ThreadPoolExecutor.java:642)
at java.base/java.lang.Thread.run(Thread.java:1570)
]]>
            </full-stacktrace>
          </exception> <!-- java.lang.AssertionError -->
          <reporter-output>
          </reporter-output>
        </test-method> <!-- VerifyThatUserCanLogin -->
        <test-method is-config="true" signature="tearDownI(org.testng.ITestResult)[pri:0, instance:com.codenboxautomationlab.testcases.LoginTest@730e5763]" started-at="2024-08-26T13:11:14 EEST" name="tearDownI" finished-at="2024-08-26T13:11:14 EEST" duration-ms="176" status="PASS">
          <params>
            <param index="0">
              <value>
                <![CDATA[[TestResult name=VerifyThatUserCanLogin status=FAILURE method=LoginTest.VerifyThatUserCanLogin()[pri:0, instance:com.codenboxautomationlab.testcases.LoginTest@730e5763] output={null}]]]>
              </value>
            </param>
          </params>
          <reporter-output>
          </reporter-output>
        </test-method> <!-- tearDownI -->
        <test-method is-config="true" signature="tearDown()[pri:0, instance:com.codenboxautomationlab.testcases.LoginTest@730e5763]" started-at="2024-08-26T13:11:14 EEST" name="tearDown" finished-at="2024-08-26T13:11:14 EEST" duration-ms="184" status="PASS">
          <reporter-output>
          </reporter-output>
        </test-method> <!-- tearDown -->
      </class> <!-- com.codenboxautomationlab.testcases.LoginTest -->
    </test> <!-- Login Test -->
  </suite> <!-- All Test Suite -->
</testng-results>
